<?xml version="1.0" encoding="UTF-8"?>
<!-- Generated by org.testng.reporters.JUnitReportReporter -->
<testsuite skipped="0" hostname="A2ML37002" name="com.org.runner.Runner" tests="5" failures="0" timestamp="2020-11-19T16:25:15 IST" time="202.863" errors="0">
  <testcase name="runScenario" time="45.166" classname="com.org.runner.Runner"/>
  <testcase name="runScenario" time="36.425" classname="com.org.runner.Runner"/>
  <testcase name="runScenario" time="40.111" classname="com.org.runner.Runner"/>
  <testcase name="runScenario" time="45.000" classname="com.org.runner.Runner"/>
  <testcase name="runScenario" time="36.161" classname="com.org.runner.Runner"/>
</testsuite> <!-- com.org.runner.Runner -->
